2022-04-16 01:51:11,626 [INFO] from play.api.http.EnabledFilters in play-dev-mode-akka.actor.default-dispatcher-11 - Enabled Filters (see <https://www.playframework.com/documentation/latest/Filters>):

    play.filters.csrf.CSRFFilter
    play.filters.headers.SecurityHeadersFilter
    play.filters.hosts.AllowedHostsFilter
    filters.ExampleFilter

2022-04-16 01:51:11,786 [INFO] from play.api.Play in play-dev-mode-akka.actor.default-dispatcher-11 - Application started (Dev) (no global state)
2022-04-16 02:28:35,752 [INFO] from play.api.http.EnabledFilters in play-dev-mode-akka.actor.default-dispatcher-22 - Enabled Filters (see <https://www.playframework.com/documentation/latest/Filters>):

    play.filters.csrf.CSRFFilter
    play.filters.headers.SecurityHeadersFilter
    play.filters.hosts.AllowedHostsFilter
    filters.ExampleFilter

2022-04-16 02:28:35,763 [INFO] from play.api.Play in play-dev-mode-akka.actor.default-dispatcher-22 - Application started (Dev) (no global state)
2022-04-16 03:03:18,515 [INFO] from play.api.http.EnabledFilters in play-dev-mode-akka.actor.default-dispatcher-33 - Enabled Filters (see <https://www.playframework.com/documentation/latest/Filters>):

    play.filters.csrf.CSRFFilter
    play.filters.headers.SecurityHeadersFilter
    play.filters.hosts.AllowedHostsFilter
    filters.ExampleFilter

2022-04-16 03:03:18,526 [INFO] from play.api.Play in play-dev-mode-akka.actor.default-dispatcher-33 - Application started (Dev) (no global state)
2022-04-16 03:08:13,523 [INFO] from play.api.http.EnabledFilters in play-dev-mode-akka.actor.default-dispatcher-43 - Enabled Filters (see <https://www.playframework.com/documentation/latest/Filters>):

    play.filters.csrf.CSRFFilter
    play.filters.headers.SecurityHeadersFilter
    play.filters.hosts.AllowedHostsFilter
    filters.ExampleFilter

2022-04-16 03:08:13,533 [INFO] from play.api.Play in play-dev-mode-akka.actor.default-dispatcher-43 - Application started (Dev) (no global state)
2022-04-16 03:09:30,355 [INFO] from play.api.http.EnabledFilters in play-dev-mode-akka.actor.default-dispatcher-38 - Enabled Filters (see <https://www.playframework.com/documentation/latest/Filters>):

    play.filters.csrf.CSRFFilter
    play.filters.headers.SecurityHeadersFilter
    play.filters.hosts.AllowedHostsFilter
    filters.ExampleFilter

2022-04-16 03:09:30,362 [INFO] from play.api.Play in play-dev-mode-akka.actor.default-dispatcher-38 - Application started (Dev) (no global state)
2022-04-16 03:14:30,630 [INFO] from play.api.http.EnabledFilters in play-dev-mode-akka.actor.default-dispatcher-62 - Enabled Filters (see <https://www.playframework.com/documentation/latest/Filters>):

    play.filters.csrf.CSRFFilter
    play.filters.headers.SecurityHeadersFilter
    play.filters.hosts.AllowedHostsFilter
    filters.ExampleFilter

2022-04-16 03:14:30,639 [INFO] from play.api.Play in play-dev-mode-akka.actor.default-dispatcher-62 - Application started (Dev) (no global state)
